<?xml version="1.0" encoding="UTF-8"?>
<testsuite xmlns:xsi="http://www.w3.org/2001/XMLSchema-instance" xsi:noNamespaceSchemaLocation="https://maven.apache.org/surefire/maven-surefire-plugin/xsd/surefire-test-report-3.0.xsd" version="3.0" name="com.awslam.awslambda.AwslambdaApplicationTests" time="4.325" tests="1" errors="0" skipped="0" failures="0">
  <properties>
[...]
</properties>
  <testcase name="contextLoads" classname="com.awslam.awslambda.AwslambdaApplicationTests" time="0.947">
    <system-out><![CDATA[23:59:26.368 [main] INFO org.springframework.test.context.support.AnnotationConfigContextLoaderUtils -- Could not detect default configuration classes for test class [com.awslam.awslambda.AwslambdaApplicationTests]: AwslambdaApplicationTests does not declare any static, non-private, non-final, nested classes annotated with @Configuration.
23:59:26.539 [main] INFO org.springframework.boot.test.context.SpringBootTestContextBootstrapper -- Found @SpringBootConfiguration com.awslam.awslambda.AwslambdaApplication for test class com.awslam.awslambda.AwslambdaApplicationTests

  .   ____          _            __ _ _
 /\\ / ___'_ __ _ _(_)_ __  __ _ \ \ \ \
( ( )\___ | '_ | '_| | '_ \/ _` | \ \ \ \
 \\/  ___)| |_)| | | | | || (_| |  ) ) ) )
  '  |____| .__|_| |_|_| |_\__, | / / / /
 =========|_|==============|___/=/_/_/_/

 :: Spring Boot ::                (v3.3.4)

2024-10-14T23:59:27.204+01:00  WARN 60650 --- [awslambda] [           main] ory$DuplicateJsonObjectContextCustomizer : 

Found multiple occurrences of org.json.JSONObject on the class path:

	jar:file:/Users/saravanan/.m2/repository/org/json/json/20240303/json-20240303.jar!/org/json/JSONObject.class
	jar:file:/Users/saravanan/.m2/repository/com/vaadin/external/google/android-json/0.0.20131108.vaadin1/android-json-0.0.20131108.vaadin1.jar!/org/json/JSONObject.class

You may wish to exclude one of them to ensure predictable runtime behavior

2024-10-14T23:59:27.235+01:00  INFO 60650 --- [awslambda] [           main] c.a.awslambda.AwslambdaApplicationTests  : Starting AwslambdaApplicationTests using Java 17.0.2 with PID 60650 (started by saravanan in /Users/saravanan/workspace-gitup/awslambda)
2024-10-14T23:59:27.238+01:00  INFO 60650 --- [awslambda] [           main] c.a.awslambda.AwslambdaApplicationTests  : No active profile set, falling back to 1 default profile: "default"
2024-10-14T23:59:29.413+01:00  INFO 60650 --- [awslambda] [           main] c.a.awslambda.AwslambdaApplicationTests  : Started AwslambdaApplicationTests in 2.718 seconds (process running for 4.166)
]]></system-out>
  </testcase>
</testsuite>